WEWILLROBTHEBANKANDTAKEALLTHEMONEYTOMORROWATNOON
impossible
ambiguous
EFGHXABCD
impossible
impossible
impossible
impossible
impossible
QRYIBEHXNLZLKHZEHJOORZWNHAIHJR
ambiguous
impossible
impossible
ambiguous
DQECNTZMEIZYESPVAROLZWUQHQHXHJTKZXCWBCLIKMGPGXMGPATOYNHGEQDNZXZAWBYYDKGPWOGDRUCXAST
impossible
impossible
impossible
impossible
impossible
impossible
impossible
impossible
impossible
impossible
ZDDQDIXCWGJEAZFCJTWKDISYJPQSQTVPYBIELFGHOVAUUFWGYVSDDKCOHDOXOEJMFRSSYZAMWCITJHZJCTM
impossible
impossible
impossible
impossible
impossible
impossible
impossible
ambiguous
ambiguous
impossible
ambiguous
FODPSOOTVSNHTLYFIT
impossible
ambiguous
JMREHWCEQWARLLSEBIUUFAOHKIDIVDBGMLRPBXTIYNVNVHXQJVKHBSINZFDOCITIYGRBABQTKQFXCWJPRKBMWLYNJORHSIRUIMSC
ZSGBSAPEOBMAJCYDGKUMDSJCXNFWUFYXMTWTWMXKPLLYQLDY
impossible
ambiguous
impossible
WXFIZJNECIBBPXHISRVDSXLNEWLQDZXBXCJYNYDSGGVXEDGWWBBRAOGGKRYNRVQQZBXPTEHHACFGHNCEQEXQSDYFUWUNONOSMUH
impossible
impossible
impossible
impossible
UQVGWYHZQRYUXSOFQRXCCGCCRZBHZLKRDUQGJRMCBCXAULGMRAHKLOEAAXCDCBOGMQKWCMZERYELMMARU
impossible
impossible
impossible
impossible
impossible
impossible
impossible
impossible
impossible
impossible
FDUWRJOUZTCNTUEKEPZAFILCZRVQGNJGPUXJUIEKWHWPUESBJMAFMOVIFHQOLWOUCHQAZL
impossible
ZBZMDYEVRLBOGWKNNYPEMNUX
impossible
impossible
MEXZNAKTOZLXQEZLBZBUEUHQAKSHPTJJYGIMIVHWWVWMZXZCXAWDXFVZSWVRTLMVKPDXINUEIS
impossible
ambiguous
impossible
ambiguous
impossible
impossible
WRNCMWTUQIAYFNQKUTGTIIFICZQGVTPRMCVAZRVRZVPEKIRFDXYNHFWMGMSBFHUSPDIMGSQJQVMXFDCKCCYMJUYPGSSNZNFKFAXM
ambiguous
impossible
UJOQEBXDZAZGKMMOLJTYEISDCKALLFLGQZCPAXGNAHUKVGAHRVHYDZBHJEVXJGFBIZYDKGILGURCCTLTOSRTTVDE
TAKLHQIPVIISQJTCOSUFDYETVYWOG
ambiguous
impossible
impossible
impossible
TCILZKXIJPIYXLCIYTULMBJBPXNCFDBYHJLHWKRFBADANIJOBDZPGQPGFYJUQWXNNCXHKFYAYUREYRYFDVUKGMG
impossible
impossible
ambiguous
AODTTHRPPSLCHADBIXTW
impossible
impossible
GKAXGTIDCZDXUTNMN
impossible
impossible
impossible
ambiguous
impossible
ambiguous
impossible
impossible
ambiguous
impossible
impossible
impossible
XUBWFADDQIHXZZWXLPFRYZIJUKPDVMILKTGBUGYVOHMLTUPNZ
ambiguous
impossible
impossible
SIEAYDEXFFVJMPXELGXVYMADVRDECIOWGDGL
impossible
impossible
impossible
EBEMKUNTJVGZXCKCCGQMRFDOSSMVOOATRLNSRLJKRCLPGYRIGJCRVZPMUAGLPIGGPNKQJGCB
impossible
RNNEPRXBTGYSICSHYQIWGPJHVYCCFONYDCCUTCZZPXCTBXBJQLIW
ambiguous
WQJUCAZKMFPPDLDOYRPNPNGOQERESYLPIOUNQLAYBRXIFCYD
impossible
ambiguous
impossible
impossible
ambiguous
impossible
impossible
impossible
impossible
impossible
impossible
WRUAOOXNSBWKKLABQATMSTTCQVPNQBCNUYNIMMXFNTRZGOQIMMSGLOKDLBTCEVRYUGIITFNIAHIGVYQHLLPYBZCNAVRGSIEOOMXJ
impossible
impossible
impossible
XGFZEBOURVRWANTSYTGWHHRTQBJQWQNZFYSTMTJLOCIP
ambiguous
impossible
impossible
ambiguous
impossible
KXKLASQQSIPNPEPZTONOJQZHDMELULCHIOUBFWKBLIIWOYJQUZEFPFOTRSGMDKYQPFXXRQZWNYEKEQAAPEFGMTBDLJRQTMCTDZ
impossible
impossible
impossible
impossible
impossible
